<?xml version="1.0" encoding="UTF-8"?>
<!-- Generated by org.testng.reporters.JUnitReportReporter -->
<testsuite hostname="DESKTOP-DCE0FO5" failures="0" tests="1" name="moviTest.CompareMovieDetailsTest" time="13.601" errors="0" timestamp="2022-11-06T22:53:51 IST" skipped="0">
  <testcase classname="moviTest.CompareMovieDetailsTest" name="movieDetails" time="13.601"/>
  <system-out>
    <![CDATA[The details matched from imdb as well as wikipedia]]>
  </system-out>
</testsuite> <!-- moviTest.CompareMovieDetailsTest -->
